<?xml version="1.0" encoding="UTF-8"?>
<!-- Generated by org.testng.reporters.JUnitReportReporter -->
<testsuite hostname="INBGL1WLX49058" failures="0" tests="3" name="akk.DynamicJsonPayload" time="4.421" errors="0" timestamp="2024-09-22T15:47:50 IST" skipped="0">
  <testcase classname="akk.DynamicJsonPayload" name="add" time="3.493"/>
  <testcase classname="akk.DynamicJsonPayload" name="add" time="0.413"/>
  <testcase classname="akk.DynamicJsonPayload" name="add" time="0.515"/>
</testsuite> <!-- akk.DynamicJsonPayload -->
